<?xml version="1.0" encoding="UTF-8"?>
<!-- Generated by org.testng.reporters.JUnitXMLReporter -->
<testsuite ignored="0" hostname="DESKTOP-HV39KHQ" failures="1" tests="2" name="Default test" time="43.882" errors="0" timestamp="2021-06-11T21:32:22 IST">
  <testcase classname="src.mobileapp.test.meettest" name="signin" time="26.916"/>
  <testcase classname="src.mobileapp.test.meettest" name="createmeeting" time="2.504">
    <failure type="org.openqa.selenium.WebDriverException" message="unknown error (An unknown server-side error occurred. status=&amp;apos;false&amp;apos;. Failed to complete internal method: &amp;apos;hybridRunJavascript args: [, 0, result = null;resultType = null;resultMessage = null;function getPathToWithSuffix(element,suffix) {if (element.tagName.toUpperCase() == &amp;quot;HTML&amp;quot;.toUpperCase())return &amp;apos;//html&amp;apos;+suffix;if (element===document.body)return &amp;apos;//html/body[1]&amp;apos;+suffix;var ix= 0;var siblings= element.parentNode.childNodes;for (var i= 0; i&amp;lt;siblings.length; i++) {var sibling= siblings[i];if (sibling===element)return getPathToWithSuffix(element.parentNode,&amp;apos;/&amp;apos;+element.tagName.toLowerCase()+&amp;apos;[&amp;apos;+(ix+1)+&amp;apos;]&amp;apos;+suffix);if (sibling.nodeType===1 &amp;amp;&amp;amp; sibling.tagName===element.tagName)ix++;}}function runScriptResultWrapper(element){if((typeof element === undefined) || element == null){result = null;resultMessage = null;return;}else if (typeof element === &amp;apos;string&amp;apos; || element instanceof String){result = element;resultType = &amp;quot;string&amp;quot;;resultMessage = null;return;}else if (typeof element === &amp;apos;number&amp;apos; || element instanceof Number){if(element % 1 === 0){resultType = &amp;quot;int&amp;quot;}else{resultType = &amp;quot;float&amp;quot;;}result = element;resultMessage = null;return;}else if (typeof element === &amp;apos;boolean&amp;apos; || element instanceof Boolean){resultType = &amp;quot;boolean&amp;quot;;result = element;resultMessage = null;return;}var paths = [];if(element.constructor === Array || element.length &amp;gt; 0){var elements = element;for (i = 0; i &amp;lt; elements.length; i++) {var elementPath = getPathToWithSuffix(elements[i],&amp;quot;&amp;quot;);paths[i] = elementPath;}resultMessage = null;}else if(!element.parentNode){resultType = &amp;quot;object&amp;quot;;result = element;resultMessage = null;return;}else{resultMessage = null;paths[0] = getPathToWithSuffix(element,&amp;quot;&amp;quot;);}resultType = null;result = {value: paths};};var userFunc = function() {var arguments = new Array();arguments[0]=document.evaluate(&amp;quot;((//*[@class=&amp;apos;android.view.ViewGroup&amp;apos; and ./parent::*[@class=&amp;apos;android.widget.ScrollView&amp;apos;]]/*/*/*/*[@class=&amp;apos;android.widget.ImageView&amp;apos; and ./parent::*[@class=&amp;apos;android.view.ViewGroup&amp;apos; and (./preceding-sibling::* | ./following-sibling::*)[@class=&amp;apos;android.view.View&amp;apos;]]])[1])[1]&amp;quot;, document, null, XPathResult.ANY_TYPE, null).iterateNext();;arguments[0].click();;};result = null;var temp_result = userFunc();if(result == null) {result = temp_result;} runScriptResultWrapper(result);]&amp;apos;, details: Failed to run javascript &amp;apos;&amp;apos;: null)  (WARNING: The server did not provide any stacktrace information)
Command duration or timeout: 0 milliseconds
Build info: version: &amp;apos;3.141.59&amp;apos;, revision: &amp;apos;e82be7d358&amp;apos;, time: &amp;apos;2018-11-14T08:17:03&amp;apos;
System info: host: &amp;apos;DESKTOP-HV39KHQ&amp;apos;, ip: &amp;apos;192.168.137.1&amp;apos;, os.name: &amp;apos;Windows 10&amp;apos;, os.arch: &amp;apos;amd64&amp;apos;, os.version: &amp;apos;10.0&amp;apos;, java.version: &amp;apos;15.0.2&amp;apos;
Driver info: io.appium.java_client.android.AndroidDriver
Capabilities {appBuildVersion: , appReleaseVersion: , appiumVersion: 1.8.0, applicationClearData: false, autoAcceptAlerts: false, autoDismissAlerts: false, autoGrantPermissions: false, autoWebview: false, commandTimeouts: 120000, desired: {platformName: Android, reportDirectory: reports, reportFormat: xml, testName: Untitled, udid: 6ac662bb}, device.category: PHONE, device.majorVersion: 11, device.manufacture: OnePlus, device.model: GM1911, device.name: GM1911, device.os: Android, device.screenSize: 1080x2340, device.serialNumber: 6ac662bb, device.version: 11, deviceUDID: 6ac662bb, dontGoHomeOnQuit: false, dontStopAppOnReset: false, fullReset: false, install.only.for.update: false, installOnlyForUpdate: false, instrumentApp: false, javascriptEnabled: true, keystorePath: ~/.android/debug.keystore, locationServicesAuthorized: false, newSessionWaitTimeout: 600, noReset: false, platform: ANDROID, platformName: Android, projectName: , reportDirectory: reports, reportFormat: xml, reportUrl: C:\Users\midhu\appiumstudio..., reservationDuration: 240, takeScreenshots: true, test.type: Mobile, testName: Untitled, udid: 6ac662bb, useKeystore: false, waitForDeviceTimeout: 120000}
Session ID: 117075cf-83f7-4a1e-a4f0-49a2c2b10e2e">
      <![CDATA[org.openqa.selenium.WebDriverException: unknown error (An unknown server-side error occurred. status='false'. Failed to complete internal method: 'hybridRunJavascript args: [, 0, result = null;resultType = null;resultMessage = null;function getPathToWithSuffix(element,suffix) {if (element.tagName.toUpperCase() == "HTML".toUpperCase())return '//html'+suffix;if (element===document.body)return '//html/body[1]'+suffix;var ix= 0;var siblings= element.parentNode.childNodes;for (var i= 0; i<siblings.length; i++) {var sibling= siblings[i];if (sibling===element)return getPathToWithSuffix(element.parentNode,'/'+element.tagName.toLowerCase()+'['+(ix+1)+']'+suffix);if (sibling.nodeType===1 && sibling.tagName===element.tagName)ix++;}}function runScriptResultWrapper(element){if((typeof element === undefined) || element == null){result = null;resultMessage = null;return;}else if (typeof element === 'string' || element instanceof String){result = element;resultType = "string";resultMessage = null;return;}else if (typeof element === 'number' || element instanceof Number){if(element % 1 === 0){resultType = "int"}else{resultType = "float";}result = element;resultMessage = null;return;}else if (typeof element === 'boolean' || element instanceof Boolean){resultType = "boolean";result = element;resultMessage = null;return;}var paths = [];if(element.constructor === Array || element.length > 0){var elements = element;for (i = 0; i < elements.length; i++) {var elementPath = getPathToWithSuffix(elements[i],"");paths[i] = elementPath;}resultMessage = null;}else if(!element.parentNode){resultType = "object";result = element;resultMessage = null;return;}else{resultMessage = null;paths[0] = getPathToWithSuffix(element,"");}resultType = null;result = {value: paths};};var userFunc = function() {var arguments = new Array();arguments[0]=document.evaluate("((//*[@class='android.view.ViewGroup' and ./parent::*[@class='android.widget.ScrollView']]/*/*/*/*[@class='android.widget.ImageView' and ./parent::*[@class='android.view.ViewGroup' and (./preceding-sibling::* | ./following-sibling::*)[@class='android.view.View']]])[1])[1]", document, null, XPathResult.ANY_TYPE, null).iterateNext();;arguments[0].click();;};result = null;var temp_result = userFunc();if(result == null) {result = temp_result;} runScriptResultWrapper(result);]', details: Failed to run javascript '': null)  (WARNING: The server did not provide any stacktrace information)
Command duration or timeout: 0 milliseconds
Build info: version: '3.141.59', revision: 'e82be7d358', time: '2018-11-14T08:17:03'
System info: host: 'DESKTOP-HV39KHQ', ip: '192.168.137.1', os.name: 'Windows 10', os.arch: 'amd64', os.version: '10.0', java.version: '15.0.2'
Driver info: io.appium.java_client.android.AndroidDriver
Capabilities {appBuildVersion: , appReleaseVersion: , appiumVersion: 1.8.0, applicationClearData: false, autoAcceptAlerts: false, autoDismissAlerts: false, autoGrantPermissions: false, autoWebview: false, commandTimeouts: 120000, desired: {platformName: Android, reportDirectory: reports, reportFormat: xml, testName: Untitled, udid: 6ac662bb}, device.category: PHONE, device.majorVersion: 11, device.manufacture: OnePlus, device.model: GM1911, device.name: GM1911, device.os: Android, device.screenSize: 1080x2340, device.serialNumber: 6ac662bb, device.version: 11, deviceUDID: 6ac662bb, dontGoHomeOnQuit: false, dontStopAppOnReset: false, fullReset: false, install.only.for.update: false, installOnlyForUpdate: false, instrumentApp: false, javascriptEnabled: true, keystorePath: ~/.android/debug.keystore, locationServicesAuthorized: false, newSessionWaitTimeout: 600, noReset: false, platform: ANDROID, platformName: Android, projectName: , reportDirectory: reports, reportFormat: xml, reportUrl: C:\Users\midhu\appiumstudio..., reservationDuration: 240, takeScreenshots: true, test.type: Mobile, testName: Untitled, udid: 6ac662bb, useKeystore: false, waitForDeviceTimeout: 120000}
Session ID: 117075cf-83f7-4a1e-a4f0-49a2c2b10e2e
at java.base/jdk.internal.reflect.NativeConstructorAccessorImpl.newInstance0(Native Method)
at java.base/jdk.internal.reflect.NativeConstructorAccessorImpl.newInstance(NativeConstructorAccessorImpl.java:64)
at java.base/jdk.internal.reflect.DelegatingConstructorAccessorImpl.newInstance(DelegatingConstructorAccessorImpl.java:45)
at java.base/java.lang.reflect.Constructor.newInstanceWithCaller(Constructor.java:500)
at java.base/java.lang.reflect.Constructor.newInstance(Constructor.java:481)
at org.openqa.selenium.remote.ErrorHandler.createThrowable(ErrorHandler.java:214)
at org.openqa.selenium.remote.ErrorHandler.throwIfResponseFailed(ErrorHandler.java:166)
at org.openqa.selenium.remote.http.JsonHttpResponseCodec.reconstructValue(JsonHttpResponseCodec.java:40)
at org.openqa.selenium.remote.http.AbstractHttpResponseCodec.decode(AbstractHttpResponseCodec.java:80)
at org.openqa.selenium.remote.http.AbstractHttpResponseCodec.decode(AbstractHttpResponseCodec.java:44)
at org.openqa.selenium.remote.HttpCommandExecutor.execute(HttpCommandExecutor.java:158)
at io.appium.java_client.remote.AppiumCommandExecutor.execute(AppiumCommandExecutor.java:239)
at org.openqa.selenium.remote.RemoteWebDriver.execute(RemoteWebDriver.java:552)
at io.appium.java_client.DefaultGenericMobileDriver.execute(DefaultGenericMobileDriver.java:41)
at io.appium.java_client.AppiumDriver.execute(AppiumDriver.java:1)
at io.appium.java_client.android.AndroidDriver.execute(AndroidDriver.java:1)
at org.openqa.selenium.remote.RemoteWebDriver.executeScript(RemoteWebDriver.java:489)
at src.mobileapp.utility.testutil.javascriptclick(testutil.java:63)
at src.mobileapp.pages.Meet.createmeeting(Meet.java:166)
at src.mobileapp.test.meettest.createmeeting(meettest.java:77)
at java.base/jdk.internal.reflect.NativeMethodAccessorImpl.invoke0(Native Method)
at java.base/jdk.internal.reflect.NativeMethodAccessorImpl.invoke(NativeMethodAccessorImpl.java:64)
at java.base/jdk.internal.reflect.DelegatingMethodAccessorImpl.invoke(DelegatingMethodAccessorImpl.java:43)
at java.base/java.lang.reflect.Method.invoke(Method.java:564)
at org.testng.internal.MethodInvocationHelper.invokeMethod(MethodInvocationHelper.java:132)
at org.testng.internal.TestInvoker.invokeMethod(TestInvoker.java:599)
at org.testng.internal.TestInvoker.invokeTestMethod(TestInvoker.java:174)
at org.testng.internal.MethodRunner.runInSequence(MethodRunner.java:46)
at org.testng.internal.TestInvoker$MethodInvocationAgent.invoke(TestInvoker.java:822)
at org.testng.internal.TestInvoker.invokeTestMethods(TestInvoker.java:147)
at org.testng.internal.TestMethodWorker.invokeTestMethods(TestMethodWorker.java:146)
at org.testng.internal.TestMethodWorker.run(TestMethodWorker.java:128)
at java.base/java.util.ArrayList.forEach(ArrayList.java:1511)
at org.testng.TestRunner.privateRun(TestRunner.java:764)
at org.testng.TestRunner.run(TestRunner.java:585)
at org.testng.SuiteRunner.runTest(SuiteRunner.java:384)
at org.testng.SuiteRunner.runSequentially(SuiteRunner.java:378)
at org.testng.SuiteRunner.privateRun(SuiteRunner.java:337)
at org.testng.SuiteRunner.run(SuiteRunner.java:286)
at org.testng.SuiteRunnerWorker.runSuite(SuiteRunnerWorker.java:53)
at org.testng.SuiteRunnerWorker.run(SuiteRunnerWorker.java:96)
at org.testng.TestNG.runSuitesSequentially(TestNG.java:1218)
at org.testng.TestNG.runSuitesLocally(TestNG.java:1140)
at org.testng.TestNG.runSuites(TestNG.java:1069)
at org.testng.TestNG.run(TestNG.java:1037)
at org.testng.remote.AbstractRemoteTestNG.run(AbstractRemoteTestNG.java:115)
at org.testng.remote.RemoteTestNG.initAndRun(RemoteTestNG.java:251)
at org.testng.remote.RemoteTestNG.main(RemoteTestNG.java:77)
]]>
    </failure>
  </testcase> <!-- createmeeting -->
</testsuite> <!-- Default test -->
